<?xml version="1.0" encoding="UTF-8"?>
<testsuite name="com.example.likelion_retro2nd_team3_repo.LikelionRetro2ndTeam3RepoApplicationTests" tests="1" skipped="0" failures="0" errors="0" timestamp="2025-10-13T13:27:40.155Z" hostname="Dahees-MacBook-Pro.local" time="0.367">
  <properties/>
  <testcase name="contextLoads()" classname="com.example.likelion_retro2nd_team3_repo.LikelionRetro2ndTeam3RepoApplicationTests" time="0.367"/>
  <system-out><![CDATA[22:27:39.692 [Test worker] INFO org.springframework.test.context.support.AnnotationConfigContextLoaderUtils -- Could not detect default configuration classes for test class [com.example.likelion_retro2nd_team3_repo.LikelionRetro2ndTeam3RepoApplicationTests]: LikelionRetro2ndTeam3RepoApplicationTests does not declare any static, non-private, non-final, nested classes annotated with @Configuration.
22:27:39.733 [Test worker] INFO org.springframework.boot.test.context.SpringBootTestContextBootstrapper -- Found @SpringBootConfiguration com.example.likelion_retro2nd_team3_repo.LikelionRetro2ndTeam3RepoApplication for test class com.example.likelion_retro2nd_team3_repo.LikelionRetro2ndTeam3RepoApplicationTests

  .   ____          _            __ _ _
 /\\ / ___'_ __ _ _(_)_ __  __ _ \ \ \ \
( ( )\___ | '_ | '_| | '_ \/ _` | \ \ \ \
 \\/  ___)| |_)| | | | | || (_| |  ) ) ) )
  '  |____| .__|_| |_|_| |_\__, | / / / /
 =========|_|==============|___/=/_/_/_/

 :: Spring Boot ::                (v3.5.6)

2025-10-13T22:27:39.948+09:00  INFO 30110 --- [likelion-retro2nd-team3-repo] [    Test worker] ikelionRetro2ndTeam3RepoApplicationTests : Starting LikelionRetro2ndTeam3RepoApplicationTests using Java 21.0.8 with PID 30110 (started by jeongdahee in /Users/jeongdahee/dev/likelion-retro2nd-team3-repo)
2025-10-13T22:27:39.948+09:00  INFO 30110 --- [likelion-retro2nd-team3-repo] [    Test worker] ikelionRetro2ndTeam3RepoApplicationTests : No active profile set, falling back to 1 default profile: "default"
2025-10-13T22:27:40.152+09:00  INFO 30110 --- [likelion-retro2nd-team3-repo] [    Test worker] ikelionRetro2ndTeam3RepoApplicationTests : Started LikelionRetro2ndTeam3RepoApplicationTests in 0.356 seconds (process running for 0.856)
]]></system-out>
  <system-err><![CDATA[Mockito is currently self-attaching to enable the inline-mock-maker. This will no longer work in future releases of the JDK. Please add Mockito as an agent to your build as described in Mockito's documentation: https://javadoc.io/doc/org.mockito/mockito-core/latest/org.mockito/org/mockito/Mockito.html#0.3
WARNING: A Java agent has been loaded dynamically (/Users/jeongdahee/.gradle/caches/modules-2/files-2.1/net.bytebuddy/byte-buddy-agent/1.17.7/fbf3d6d649ed37fc9e9c59480a05be0a26e3c2da/byte-buddy-agent-1.17.7.jar)
WARNING: If a serviceability tool is in use, please run with -XX:+EnableDynamicAgentLoading to hide this warning
WARNING: If a serviceability tool is not in use, please run with -Djdk.instrument.traceUsage for more information
WARNING: Dynamic loading of agents will be disallowed by default in a future release
]]></system-err>
</testsuite>
